<?xml version="1.0" encoding="UTF-8"?>
<!-- Generated by org.testng.reporters.JUnitXMLReporter -->
<testsuite ignored="2" hostname="AMX-RL-19-255-W" failures="0" tests="1" name="Default test" time="9.202" errors="0" timestamp="18 Jul 2020 16:46:07 GMT">
  <testcase classname="SeleniumPractice.Actionsclass" name="preceding" time="0.044"/>
  <testcase classname="SeleniumPractice.Actionsclass" name="ddclick" time="0.0">
    <ignored/>
  </testcase> <!-- ddclick -->
  <testcase classname="SeleniumPractice.Actionsclass" name="moveandclick" time="0.0">
    <ignored/>
  </testcase> <!-- moveandclick -->
</testsuite> <!-- Default test -->
